<?xml version="1.0" encoding="UTF-8"?>
<!-- Generated by org.testng.reporters.JUnitReportReporter -->
<testsuite hostname="ghost" failures="0" tests="1" name="testcase.MakeAnOrderTest" time="10.356" errors="0" timestamp="2022-05-20T02:05:08 IST" skipped="0">
  <testcase classname="testcase.MakeAnOrderTest" name="makeAnOderFromStorePage" time="10.356"/>
  <system-out/>
</testsuite> <!-- testcase.MakeAnOrderTest -->
