<?xml version="1.0" encoding="UTF-8"?>
<!-- Generated by org.testng.reporters.JUnitReportReporter -->
<testsuite hostname="ghost" failures="0" tests="3" name="testcase.NavigationTest" time="12.379" errors="0" timestamp="2022-05-22T18:20:34 IST" skipped="0">
  <testcase classname="testcase.NavigationTest" name="naviageStorepageFromHome2" time="4.532"/>
  <system-out/>
  <testcase classname="testcase.NavigationTest" name="naviageStorepageFromHome" time="5.186"/>
  <system-out/>
  <testcase classname="testcase.NavigationTest" name="naviageStorepageFromHome3" time="2.661"/>
  <system-out/>
</testsuite> <!-- testcase.NavigationTest -->
